<?xml version="1.0" encoding="UTF-8"?>
<!-- Generated by org.testng.reporters.JUnitReportReporter -->
<testsuite hostname="NU14A1" failures="0" tests="1" name="day21.Demo1" time="36.102" errors="0" timestamp="2023-06-23T01:01:47 IST" skipped="0">
  <testcase classname="day21.Demo1" name="testA" time="36.102"/>
  <system-out>
    <![CDATA[testA of Demo1 of day21]]>
  </system-out>
</testsuite> <!-- day21.Demo1 -->
