<?xml version="1.0" encoding="UTF-8"?>
<!-- Generated by org.testng.reporters.JUnitReportReporter -->
<testsuite hostname="NU14A1" failures="0" tests="1" name="day21.Demo1" time="42.697" errors="0" timestamp="2023-06-25T19:14:59 IST" skipped="0">
  <testcase classname="day21.Demo1" name="testA" time="42.697"/>
  <system-out/>
</testsuite> <!-- day21.Demo1 -->
